<?xml version="1.0" encoding="UTF-8"?>
<testng-results ignored="0" total="1" passed="1" failed="0" skipped="0">
  <reporter-output>
  </reporter-output>
  <suite started-at="2020-10-09T19:06:03 IST" name="Default suite" finished-at="2020-10-09T19:06:03 IST" duration-ms="118">
    <groups>
    </groups>
    <test started-at="2020-10-09T19:06:03 IST" name="Default test" finished-at="2020-10-09T19:06:03 IST" duration-ms="118">
      <class name="TPJ.TPJ.AppTest">
        <test-method signature="shouldAnswerWithTrue()[pri:0, instance:TPJ.TPJ.AppTest@7ea37dbf]" started-at="2020-10-09T19:06:03 IST" name="shouldAnswerWithTrue" finished-at="2020-10-09T19:06:03 IST" duration-ms="20" status="PASS">
          <reporter-output>
          </reporter-output>
        </test-method> <!-- shouldAnswerWithTrue -->
      </class> <!-- TPJ.TPJ.AppTest -->
    </test> <!-- Default test -->
  </suite> <!-- Default suite -->
</testng-results>
